#
# A fatal error has been detected by the Java Runtime Environment:
#
#  EXCEPTION_ACCESS_VIOLATION (0xc0000005) at pc=0x000000006a0efb60, pid=3724, tid=0x00000000000051d8
#
# JRE version: Java(TM) SE Runtime Environment (8.0_121-b13) (build 1.8.0_121-b13)
# Java VM: Java HotSpot(TM) 64-Bit Server VM (25.121-b13 mixed mode windows-amd64 compressed oops)
# Problematic frame:
# V  [jvm.dll+0xafb60]
#
# Failed to write core dump. Minidumps are not enabled by default on client versions of Windows
#
# If you would like to submit a bug report, please visit:
#   http://bugreport.java.com/bugreport/crash.jsp
#

---------------  T H R E A D  ---------------

Current thread (0x00000000029d2000):  GCTaskThread [stack: 0x00000000124d0000,0x00000000125d0000] [id=20952]

siginfo: ExceptionCode=0xc0000005, reading address 0x00000003937ba320

Registers:
RAX=0x0000000000000001, RBX=0x00000000f2167b68, RCX=0x00000000f2167b68, RDX=0x00000003937ba318
RSP=0x00000000125cf7c8, RBP=0x0000000011e74e86, RSI=0x0000000002aa1640, RDI=0x00000000c15d0b28
R8 =0x0000000002aa1640, R9 =0x0000000000000006, R10=0x0000000000000008, R11=0x00000000f83e0010
R12=0x0000000011e74e65, R13=0x6146747365757165, R14=0x0000000000000000, R15=0x00000000029c7bb0
RIP=0x000000006a0efb60, EFLAGS=0x0000000000010206

Top of Stack: (sp=0x00000000125cf7c8)
0x00000000125cf7c8:   000000006a440ab2 00000000f2367b80
0x00000000125cf7d8:   0000000000000004 0000000002aa1640
0x00000000125cf7e8:   000000006a85b6d0 00000000f83d8020
0x00000000125cf7f8:   000000006a4411fb 00000000c249e9e8
0x00000000125cf808:   0000000000000400 0000000000000000
0x00000000125cf818:   0000000002aa1600 0000000011e74e65
0x00000000125cf828:   000000006a440e20 00000000f83de298
0x00000000125cf838:   0000000011e74e86 0000000002aa1640
0x00000000125cf848:   00000000c15d0b28 00000000f83de298
0x00000000125cf858:   000000006a4419c5 00000000f289e0a8
0x00000000125cf868:   0000000011e74e86 0000000002aa1640
0x00000000125cf878:   000000006a44026b 0000000000000082
0x00000000125cf888:   0000000014570000 00000000c154e18c
0x00000000125cf898:   000000006a155187 0000000002aa1640
0x00000000125cf8a8:   000000006a153393 00000000c15d0b25
0x00000000125cf8b8:   00000000c15d0b25 00000000c15ceaf0 

Instructions: (pc=0x000000006a0efb60)
0x000000006a0efb40:   ac b8 1d 00 48 8b 9c 24 d0 00 00 00 48 81 c4 c0
0x000000006a0efb50:   00 00 00 5d c3 cc cc cc cc cc cc cc cc cc cc cc
0x000000006a0efb60:   44 8b 42 08 4c 8b ca 45 85 c0 7e 0e 41 f6 c0 01
0x000000006a0efb70:   75 57 41 c1 f8 03 41 8b c0 c3 79 4d 80 3d ee c7 


Register to memory mapping:

RAX=0x0000000000000001 is an unknown value
RBX=0x00000000f2167b68 is an oop

[error occurred during error reporting (printing register info), id 0xc0000005]

Stack: [0x00000000124d0000,0x00000000125d0000],  sp=0x00000000125cf7c8,  free space=1021k
Native frames: (J=compiled Java code, j=interpreted, Vv=VM code, C=native code)
V  [jvm.dll+0xafb60]


---------------  P R O C E S S  ---------------

Java Threads: ( => current thread )
  0x000000001ba64000 JavaThread "DestroyJavaVM" [_thread_blocked, id=18636, stack(0x00000000028b0000,0x00000000029b0000)]
  0x000000001ba65800 JavaThread "http-nio-8282-Acceptor" daemon [_thread_in_native, id=20588, stack(0x000000001dd90000,0x000000001de90000)]
  0x000000001ba67000 JavaThread "http-nio-8282-ClientPoller" daemon [_thread_blocked, id=2064, stack(0x000000001dc90000,0x000000001dd90000)]
  0x000000001ba66000 JavaThread "http-nio-8282-exec-10" daemon [_thread_blocked, id=6844, stack(0x000000001db90000,0x000000001dc90000)]
  0x000000001517b800 JavaThread "http-nio-8282-exec-9" daemon [_thread_blocked, id=19736, stack(0x000000001da90000,0x000000001db90000)]
  0x000000001517b000 JavaThread "http-nio-8282-exec-8" daemon [_thread_blocked, id=7748, stack(0x000000001d990000,0x000000001da90000)]
  0x000000001517a000 JavaThread "http-nio-8282-exec-7" daemon [_thread_blocked, id=1888, stack(0x000000001d890000,0x000000001d990000)]
  0x0000000015179800 JavaThread "http-nio-8282-exec-6" daemon [_thread_blocked, id=11068, stack(0x000000001d790000,0x000000001d890000)]
  0x000000001517c800 JavaThread "http-nio-8282-exec-5" daemon [_thread_blocked, id=12224, stack(0x000000001d690000,0x000000001d790000)]
  0x000000001517e800 JavaThread "http-nio-8282-exec-4" daemon [_thread_blocked, id=14416, stack(0x000000001d590000,0x000000001d690000)]
  0x000000001517f800 JavaThread "http-nio-8282-exec-3" daemon [_thread_blocked, id=9232, stack(0x000000001d490000,0x000000001d590000)]
  0x000000001517d000 JavaThread "http-nio-8282-exec-2" daemon [_thread_blocked, id=19300, stack(0x000000001d390000,0x000000001d490000)]
  0x000000001957c000 JavaThread "http-nio-8282-exec-1" daemon [_thread_blocked, id=11720, stack(0x000000001d290000,0x000000001d390000)]
  0x000000001bb18000 JavaThread "http-nio-8282-BlockPoller" daemon [_thread_blocked, id=7388, stack(0x000000001d190000,0x000000001d290000)]
  0x000000001b9fb800 JavaThread "spring.cloud.inetutils" daemon [_thread_blocked, id=11464, stack(0x000000001d090000,0x000000001d190000)]
  0x0000000017a55000 JavaThread "container-0" [_thread_blocked, id=3532, stack(0x000000001adc0000,0x000000001aec0000)]
  0x0000000017a54800 JavaThread "Catalina-utility-2" [_thread_blocked, id=6284, stack(0x000000001acc0000,0x000000001adc0000)]
  0x0000000017a50800 JavaThread "Catalina-utility-1" [_thread_blocked, id=22376, stack(0x000000001abc0000,0x000000001acc0000)]
  0x0000000019040000 JavaThread "HikariPool-1 housekeeper" daemon [_thread_blocked, id=17256, stack(0x000000001a9c0000,0x000000001aac0000)]
  0x0000000018f1a800 JavaThread "mysql-cj-abandoned-connection-cleanup" daemon [_thread_blocked, id=27760, stack(0x000000001a5c0000,0x000000001a6c0000)]
  0x00000000175fe000 JavaThread "RMI TCP Accept-0" daemon [_thread_in_native, id=4024, stack(0x0000000017cb0000,0x0000000017db0000)]
  0x00000000175ec000 JavaThread "RMI TCP Accept-50931" daemon [_thread_in_native, id=3996, stack(0x0000000017bb0000,0x0000000017cb0000)]
  0x00000000175de000 JavaThread "RMI TCP Accept-0" daemon [_thread_in_native, id=17176, stack(0x0000000017ab0000,0x0000000017bb0000)]
  0x0000000016a94000 JavaThread "Service Thread" daemon [_thread_blocked, id=30528, stack(0x0000000016e70000,0x0000000016f70000)]
  0x000000001517e000 JavaThread "C1 CompilerThread2" daemon [_thread_blocked, id=16920, stack(0x0000000016970000,0x0000000016a70000)]
  0x0000000015155000 JavaThread "C2 CompilerThread1" daemon [_thread_blocked, id=22092, stack(0x0000000016870000,0x0000000016970000)]
  0x0000000015133000 JavaThread "C2 CompilerThread0" daemon [_thread_blocked, id=20868, stack(0x0000000016770000,0x0000000016870000)]
  0x0000000015131800 JavaThread "Attach Listener" daemon [_thread_blocked, id=2112, stack(0x0000000016670000,0x0000000016770000)]
  0x0000000015131000 JavaThread "Signal Dispatcher" daemon [_thread_blocked, id=13880, stack(0x0000000016570000,0x0000000016670000)]
  0x0000000002aae000 JavaThread "Finalizer" daemon [_thread_blocked, id=15520, stack(0x0000000016380000,0x0000000016480000)]
  0x00000000150f8800 JavaThread "Reference Handler" daemon [_thread_blocked, id=7620, stack(0x0000000016280000,0x0000000016380000)]

Other Threads:
  0x00000000150f7000 VMThread [stack: 0x0000000016180000,0x0000000016280000] [id=11496]
  0x00000000175ff000 WatcherThread [stack: 0x0000000017db0000,0x0000000017eb0000] [id=8860]

=>0x00000000029d2000 (exited) GCTaskThread [stack: 0x00000000124d0000,0x00000000125d0000] [id=20952]

VM state:at safepoint (normal execution)

VM Mutex/Monitor currently owned by a thread:  ([mutex/lock_event])
[0x00000000029b40c0] Threads_lock - owner thread: 0x00000000150f7000
[0x00000000029b4440] Heap_lock - owner thread: 0x000000001957c000

Heap:
 PSYoungGen      total 204800K, used 151157K [0x00000000eaf00000, 0x00000000f9900000, 0x0000000100000000)
  eden space 195584K, 72% used [0x00000000eaf00000,0x00000000f39a0a28,0x00000000f6e00000)
  from space 9216K, 99% used [0x00000000f9000000,0x00000000f98fca28,0x00000000f9900000)
  to   space 12800K, 42% used [0x00000000f8000000,0x00000000f8548020,0x00000000f8c80000)
 ParOldGen       total 47104K, used 26210K [0x00000000c0c00000, 0x00000000c3a00000, 0x00000000eaf00000)
  object space 47104K, 55% used [0x00000000c0c00000,0x00000000c2598b18,0x00000000c3a00000)
 Metaspace       used 55569K, capacity 58842K, committed 59008K, reserved 1099776K
  class space    used 8120K, capacity 8712K, committed 8832K, reserved 1048576K

Card table byte_map: [0x0000000011e70000,0x0000000012070000] byte_map_base: 0x000000001186a000

Marking Bits: (ParMarkBitMap*) 0x000000006a85b6d0
 Begin Bits: [0x00000000125d0000, 0x00000000135a0000)
 End Bits:   [0x00000000135a0000, 0x0000000014570000)

Polling page: 0x0000000002640000

CodeCache: size=245760Kb used=9411Kb max_used=9411Kb free=236348Kb
 bounds [0x0000000002ab0000, 0x00000000033f0000, 0x0000000011ab0000]
 total_blobs=5621 nmethods=5063 adapters=469
 compilation: enabled

Compilation events (10 events):
Event: 689.024 Thread 0x000000001517e000 5107       1       java.util.concurrent.atomic.AtomicIntegerFieldUpdater$AtomicIntegerFieldUpdaterImpl::accessCheck (17 bytes)
Event: 689.024 Thread 0x000000001517e000 nmethod 5107 0x00000000033de850 code [0x00000000033de9c0, 0x00000000033deb28]
Event: 689.024 Thread 0x000000001517e000 5108       1       com.zaxxer.hikari.pool.PoolEntry::getState (8 bytes)
Event: 689.025 Thread 0x000000001517e000 nmethod 5108 0x00000000033debd0 code [0x00000000033ded40, 0x00000000033deec8]
Event: 701.490 Thread 0x000000001517e000 5109       1       org.apache.catalina.core.StandardWrapper::getServlet (5 bytes)
Event: 701.490 Thread 0x000000001517e000 nmethod 5109 0x00000000033def90 code [0x00000000033df0e0, 0x00000000033df1f0]
Event: 831.505 Thread 0x000000001517e000 5111       1       org.apache.catalina.mapper.MapperListener::lifecycleEvent (178 bytes)
Event: 831.576 Thread 0x000000001517e000 nmethod 5111 0x00000000033df5d0 code [0x00000000033df800, 0x00000000033dffa8]
Event: 861.509 Thread 0x000000001517e000 5112   !   1       org.apache.catalina.core.StandardContext::getLoader (38 bytes)
Event: 861.509 Thread 0x000000001517e000 nmethod 5112 0x00000000033e0350 code [0x00000000033e0500, 0x00000000033e07f8]

GC Heap History (10 events):
Event: 48.404 GC heap after
Heap after GC invocations=12 (full 1):
 PSYoungGen      total 101888K, used 6626K [0x00000000eaf00000, 0x00000000f5100000, 0x0000000100000000)
  eden space 95232K, 0% used [0x00000000eaf00000,0x00000000eaf00000,0x00000000f0c00000)
  from space 6656K, 99% used [0x00000000f0c00000,0x00000000f1278b20,0x00000000f1280000)
  to   space 9216K, 0% used [0x00000000f4800000,0x00000000f4800000,0x00000000f5100000)
 ParOldGen       total 28672K, used 12390K [0x00000000c0c00000, 0x00000000c2800000, 0x00000000eaf00000)
  object space 28672K, 43% used [0x00000000c0c00000,0x00000000c1819b48,0x00000000c2800000)
 Metaspace       used 28391K, capacity 30124K, committed 30336K, reserved 1075200K
  class space    used 4057K, capacity 4379K, committed 4480K, reserved 1048576K
}
Event: 55.648 GC heap before
{Heap before GC invocations=13 (full 1):
 PSYoungGen      total 101888K, used 101858K [0x00000000eaf00000, 0x00000000f5100000, 0x0000000100000000)
  eden space 95232K, 100% used [0x00000000eaf00000,0x00000000f0c00000,0x00000000f0c00000)
  from space 6656K, 99% used [0x00000000f0c00000,0x00000000f1278b20,0x00000000f1280000)
  to   space 9216K, 0% used [0x00000000f4800000,0x00000000f4800000,0x00000000f5100000)
 ParOldGen       total 28672K, used 12390K [0x00000000c0c00000, 0x00000000c2800000, 0x00000000eaf00000)
  object space 28672K, 43% used [0x00000000c0c00000,0x00000000c1819b48,0x00000000c2800000)
 Metaspace       used 32587K, capacity 34562K, committed 34688K, reserved 1079296K
  class space    used 4549K, capacity 4908K, committed 4992K, reserved 1048576K
Event: 55.681 GC heap after
Heap after GC invocations=13 (full 1):
 PSYoungGen      total 153600K, used 5954K [0x00000000eaf00000, 0x00000000f4f80000, 0x0000000100000000)
  eden space 145920K, 0% used [0x00000000eaf00000,0x00000000eaf00000,0x00000000f3d80000)
  from space 7680K, 77% used [0x00000000f4800000,0x00000000f4dd0a98,0x00000000f4f80000)
  to   space 9216K, 0% used [0x00000000f3d80000,0x00000000f3d80000,0x00000000f4680000)
 ParOldGen       total 28672K, used 16638K [0x00000000c0c00000, 0x00000000c2800000, 0x00000000eaf00000)
  object space 28672K, 58% used [0x00000000c0c00000,0x00000000c1c3fba8,0x00000000c2800000)
 Metaspace       used 32587K, capacity 34562K, committed 34688K, reserved 1079296K
  class space    used 4549K, capacity 4908K, committed 4992K, reserved 1048576K
}
Event: 58.492 GC heap before
{Heap before GC invocations=14 (full 1):
 PSYoungGen      total 153600K, used 14028K [0x00000000eaf00000, 0x00000000f4f80000, 0x0000000100000000)
  eden space 145920K, 5% used [0x00000000eaf00000,0x00000000eb6e25b0,0x00000000f3d80000)
  from space 7680K, 77% used [0x00000000f4800000,0x00000000f4dd0a98,0x00000000f4f80000)
  to   space 9216K, 0% used [0x00000000f3d80000,0x00000000f3d80000,0x00000000f4680000)
 ParOldGen       total 28672K, used 16638K [0x00000000c0c00000, 0x00000000c2800000, 0x00000000eaf00000)
  object space 28672K, 58% used [0x00000000c0c00000,0x00000000c1c3fba8,0x00000000c2800000)
 Metaspace       used 33323K, capacity 35314K, committed 35416K, reserved 1079296K
  class space    used 4639K, capacity 5046K, committed 5120K, reserved 1048576K
Event: 58.503 GC heap after
Heap after GC invocations=14 (full 1):
 PSYoungGen      total 155136K, used 1593K [0x00000000eaf00000, 0x00000000f9900000, 0x0000000100000000)
  eden space 145920K, 0% used [0x00000000eaf00000,0x00000000eaf00000,0x00000000f3d80000)
  from space 9216K, 17% used [0x00000000f3d80000,0x00000000f3f0e690,0x00000000f4680000)
  to   space 9216K, 0% used [0x00000000f9000000,0x00000000f9000000,0x00000000f9900000)
 ParOldGen       total 28672K, used 19297K [0x00000000c0c00000, 0x00000000c2800000, 0x00000000eaf00000)
  object space 28672K, 67% used [0x00000000c0c00000,0x00000000c1ed85d8,0x00000000c2800000)
 Metaspace       used 33323K, capacity 35314K, committed 35416K, reserved 1079296K
  class space    used 4639K, capacity 5046K, committed 5120K, reserved 1048576K
}
Event: 58.503 GC heap before
{Heap before GC invocations=15 (full 2):
 PSYoungGen      total 155136K, used 1593K [0x00000000eaf00000, 0x00000000f9900000, 0x0000000100000000)
  eden space 145920K, 0% used [0x00000000eaf00000,0x00000000eaf00000,0x00000000f3d80000)
  from space 9216K, 17% used [0x00000000f3d80000,0x00000000f3f0e690,0x00000000f4680000)
  to   space 9216K, 0% used [0x00000000f9000000,0x00000000f9000000,0x00000000f9900000)
 ParOldGen       total 28672K, used 19297K [0x00000000c0c00000, 0x00000000c2800000, 0x00000000eaf00000)
  object space 28672K, 67% used [0x00000000c0c00000,0x00000000c1ed85d8,0x00000000c2800000)
 Metaspace       used 33323K, capacity 35314K, committed 35416K, reserved 1079296K
  class space    used 4639K, capacity 5046K, committed 5120K, reserved 1048576K
Event: 58.761 GC heap after
Heap after GC invocations=15 (full 2):
 PSYoungGen      total 155136K, used 0K [0x00000000eaf00000, 0x00000000f9900000, 0x0000000100000000)
  eden space 145920K, 0% used [0x00000000eaf00000,0x00000000eaf00000,0x00000000f3d80000)
  from space 9216K, 0% used [0x00000000f3d80000,0x00000000f3d80000,0x00000000f4680000)
  to   space 9216K, 0% used [0x00000000f9000000,0x00000000f9000000,0x00000000f9900000)
 ParOldGen       total 47104K, used 15817K [0x00000000c0c00000, 0x00000000c3a00000, 0x00000000eaf00000)
  object space 47104K, 33% used [0x00000000c0c00000,0x00000000c1b72478,0x00000000c3a00000)
 Metaspace       used 33323K, capacity 35314K, committed 35416K, reserved 1079296K
  class space    used 4639K, capacity 5046K, committed 5120K, reserved 1048576K
}
Event: 82.824 GC heap before
{Heap before GC invocations=16 (full 2):
 PSYoungGen      total 155136K, used 145920K [0x00000000eaf00000, 0x00000000f9900000, 0x0000000100000000)
  eden space 145920K, 100% used [0x00000000eaf00000,0x00000000f3d80000,0x00000000f3d80000)
  from space 9216K, 0% used [0x00000000f3d80000,0x00000000f3d80000,0x00000000f4680000)
  to   space 9216K, 0% used [0x00000000f9000000,0x00000000f9000000,0x00000000f9900000)
 ParOldGen       total 47104K, used 15817K [0x00000000c0c00000, 0x00000000c3a00000, 0x00000000eaf00000)
  object space 47104K, 33% used [0x00000000c0c00000,0x00000000c1b72478,0x00000000c3a00000)
 Metaspace       used 46953K, capacity 49192K, committed 49536K, reserved 1091584K
  class space    used 6795K, capacity 7215K, committed 7296K, reserved 1048576K
Event: 82.876 GC heap after
Heap after GC invocations=16 (full 2):
 PSYoungGen      total 204800K, used 9202K [0x00000000eaf00000, 0x00000000f9900000, 0x0000000100000000)
  eden space 195584K, 0% used [0x00000000eaf00000,0x00000000eaf00000,0x00000000f6e00000)
  from space 9216K, 99% used [0x00000000f9000000,0x00000000f98fca28,0x00000000f9900000)
  to   space 12800K, 0% used [0x00000000f8000000,0x00000000f8000000,0x00000000f8c80000)
 ParOldGen       total 47104K, used 22162K [0x00000000c0c00000, 0x00000000c3a00000, 0x00000000eaf00000)
  object space 47104K, 47% used [0x00000000c0c00000,0x00000000c21a4988,0x00000000c3a00000)
 Metaspace       used 46953K, capacity 49192K, committed 49536K, reserved 1091584K
  class space    used 6795K, capacity 7215K, committed 7296K, reserved 1048576K
}
Event: 880.852 GC heap before
{Heap before GC invocations=17 (full 2):
 PSYoungGen      total 204800K, used 151157K [0x00000000eaf00000, 0x00000000f9900000, 0x0000000100000000)
  eden space 195584K, 72% used [0x00000000eaf00000,0x00000000f39a0a28,0x00000000f6e00000)
  from space 9216K, 99% used [0x00000000f9000000,0x00000000f98fca28,0x00000000f9900000)
  to   space 12800K, 0% used [0x00000000f8000000,0x00000000f8000000,0x00000000f8c80000)
 ParOldGen       total 47104K, used 22162K [0x00000000c0c00000, 0x00000000c3a00000, 0x00000000eaf00000)
  object space 47104K, 47% used [0x00000000c0c00000,0x00000000c21a4988,0x00000000c3a00000)
 Metaspace       used 55569K, capacity 58842K, committed 59008K, reserved 1099776K
  class space    used 8120K, capacity 8712K, committed 8832K, reserved 1048576K

Deoptimization events (0 events):
No events

Internal exceptions (10 events):
Event: 108.939 Thread 0x00000000029b7000 Exception <a 'java/lang/ArrayIndexOutOfBoundsException'> (0x00000000f3137d60) thrown at [C:\re\workspace\8-2-build-windows-amd64-cygwin\jdk8u121\8372\hotspot\src\share\vm\runtime\sharedRuntime.cpp, line 605]
Event: 108.939 Thread 0x00000000029b7000 Exception <a 'java/lang/ArrayIndexOutOfBoundsException'> (0x00000000f313adb8) thrown at [C:\re\workspace\8-2-build-windows-amd64-cygwin\jdk8u121\8372\hotspot\src\share\vm\runtime\sharedRuntime.cpp, line 605]
Event: 108.943 Thread 0x00000000029b7000 Exception <a 'java/lang/ClassNotFoundException': org/springframework/context/ApplicationContextAwareCustomizer> (0x00000000f315b958) thrown at [C:\re\workspace\8-2-build-windows-amd64-cygwin\jdk8u121\8372\hotspot\src\share\vm\classfile\systemDictionary.cp
Event: 108.944 Thread 0x00000000029b7000 Exception <a 'java/lang/ClassNotFoundException': org/springframework/beans/factory/AwareCustomizer> (0x00000000f3173010) thrown at [C:\re\workspace\8-2-build-windows-amd64-cygwin\jdk8u121\8372\hotspot\src\share\vm\classfile\systemDictionary.cpp, line 210]
Event: 108.946 Thread 0x00000000029b7000 Exception <a 'java/lang/ClassNotFoundException': org/springframework/context/ApplicationListenerCustomizer> (0x00000000f318b668) thrown at [C:\re\workspace\8-2-build-windows-amd64-cygwin\jdk8u121\8372\hotspot\src\share\vm\classfile\systemDictionary.cpp, l
Event: 108.947 Thread 0x00000000029b7000 Exception <a 'java/lang/ClassNotFoundException': java/util/EventListenerCustomizer> (0x00000000f3194e80) thrown at [C:\re\workspace\8-2-build-windows-amd64-cygwin\jdk8u121\8372\hotspot\src\share\vm\classfile\systemDictionary.cpp, line 210]
Event: 108.949 Thread 0x00000000029b7000 Exception <a 'java/lang/ClassNotFoundException': java/lang/ObjectCustomizer> (0x00000000f31a5c40) thrown at [C:\re\workspace\8-2-build-windows-amd64-cygwin\jdk8u121\8372\hotspot\src\share\vm\classfile\systemDictionary.cpp, line 210]
Event: 108.950 Thread 0x00000000029b7000 Exception <a 'java/lang/ClassNotFoundException': org/springframework/jmx/export/metadata/AbstractJmxAttributeCustomizer> (0x00000000f31c5ae0) thrown at [C:\re\workspace\8-2-build-windows-amd64-cygwin\jdk8u121\8372\hotspot\src\share\vm\classfile\systemDict
Event: 108.951 Thread 0x00000000029b7000 Exception <a 'java/lang/ClassNotFoundException': org/springframework/jmx/export/metadata/ManagedAttributeCustomizer> (0x00000000f31e6200) thrown at [C:\re\workspace\8-2-build-windows-amd64-cygwin\jdk8u121\8372\hotspot\src\share\vm\classfile\systemDictiona
Event: 108.979 Thread 0x00000000029b7000 Exception <a 'java/lang/ArrayIndexOutOfBoundsException'> (0x00000000f3266b88) thrown at [C:\re\workspace\8-2-build-windows-amd64-cygwin\jdk8u121\8372\hotspot\src\share\vm\runtime\sharedRuntime.cpp, line 605]

Events (10 events):
Event: 880.798 loading class org/apache/coyote/http11/Http11InputBuffer$SocketInputBuffer done
Event: 880.801 loading class org/apache/coyote/http11/Http11OutputBuffer
Event: 880.801 loading class org/apache/coyote/http11/Http11OutputBuffer done
Event: 880.802 loading class org/apache/coyote/http11/HttpOutputBuffer
Event: 880.802 loading class org/apache/coyote/http11/HttpOutputBuffer done
Event: 880.803 loading class org/apache/coyote/OutputBuffer
Event: 880.803 loading class org/apache/coyote/OutputBuffer done
Event: 880.805 loading class org/apache/coyote/http11/OutputFilter
Event: 880.805 loading class org/apache/coyote/http11/OutputFilter done
Event: 880.806 Executing VM operation: CollectForMetadataAllocation


Dynamic libraries:
0x00007ff658ea0000 - 0x00007ff658ed7000 	C:\Program Files\Java\jre1.8.0_121\bin\javaw.exe
0x00007ffc1d2b0000 - 0x00007ffc1d491000 	C:\WINDOWS\SYSTEM32\ntdll.dll
0x00007ffc1b320000 - 0x00007ffc1b3d1000 	C:\WINDOWS\System32\KERNEL32.DLL
0x00007ffc19ee0000 - 0x00007ffc1a153000 	C:\WINDOWS\System32\KERNELBASE.dll
0x00007ffc1af60000 - 0x00007ffc1b001000 	C:\WINDOWS\System32\ADVAPI32.dll
0x00007ffc1b280000 - 0x00007ffc1b31e000 	C:\WINDOWS\System32\msvcrt.dll
0x00007ffc1d150000 - 0x00007ffc1d1ab000 	C:\WINDOWS\System32\sechost.dll
0x00007ffc1d020000 - 0x00007ffc1d144000 	C:\WINDOWS\System32\RPCRT4.dll
0x00007ffc1a7a0000 - 0x00007ffc1a930000 	C:\WINDOWS\System32\USER32.dll
0x00007ffc1a4f0000 - 0x00007ffc1a510000 	C:\WINDOWS\System32\win32u.dll
0x00007ffc1b250000 - 0x00007ffc1b278000 	C:\WINDOWS\System32\GDI32.dll
0x00007ffc1a350000 - 0x00007ffc1a4e1000 	C:\WINDOWS\System32\gdi32full.dll
0x00007ffc1a690000 - 0x00007ffc1a72f000 	C:\WINDOWS\System32\msvcp_win.dll
0x00007ffc1a510000 - 0x00007ffc1a608000 	C:\WINDOWS\System32\ucrtbase.dll
0x00007ffc06b10000 - 0x00007ffc06d79000 	C:\WINDOWS\WinSxS\amd64_microsoft.windows.common-controls_6595b64144ccf1df_6.0.17134.1365_none_d401d10f7c8e8b9b\COMCTL32.dll
0x00007ffc1ac30000 - 0x00007ffc1af51000 	C:\WINDOWS\System32\combase.dll
0x00007ffc1a610000 - 0x00007ffc1a689000 	C:\WINDOWS\System32\bcryptPrimitives.dll
0x00007ffc1a930000 - 0x00007ffc1a95d000 	C:\WINDOWS\System32\IMM32.DLL
0x0000000069f20000 - 0x0000000069ff2000 	C:\Program Files\Java\jre1.8.0_121\bin\msvcr100.dll
0x000000006a040000 - 0x000000006a8db000 	C:\Program Files\Java\jre1.8.0_121\bin\server\jvm.dll
0x00007ffc1ce70000 - 0x00007ffc1ce78000 	C:\WINDOWS\System32\PSAPI.DLL
0x00007ffc16ee0000 - 0x00007ffc16f03000 	C:\WINDOWS\SYSTEM32\WINMM.dll
0x00007ffc14a70000 - 0x00007ffc14a79000 	C:\WINDOWS\SYSTEM32\WSOCK32.dll
0x00007ffc0cb90000 - 0x00007ffc0cb9a000 	C:\WINDOWS\SYSTEM32\VERSION.dll
0x00007ffc1b560000 - 0x00007ffc1b5cc000 	C:\WINDOWS\System32\WS2_32.dll
0x00007ffc16eb0000 - 0x00007ffc16eda000 	C:\WINDOWS\SYSTEM32\WINMMBASE.dll
0x00007ffc19780000 - 0x00007ffc197c9000 	C:\WINDOWS\System32\cfgmgr32.dll
0x000000006adf0000 - 0x000000006adff000 	C:\Program Files\Java\jre1.8.0_121\bin\verify.dll
0x000000006adc0000 - 0x000000006ade9000 	C:\Program Files\Java\jre1.8.0_121\bin\java.dll
0x000000006ada0000 - 0x000000006adb6000 	C:\Program Files\Java\jre1.8.0_121\bin\zip.dll
0x00007ffc1ba20000 - 0x00007ffc1ce65000 	C:\WINDOWS\System32\SHELL32.dll
0x00007ffc1d1b0000 - 0x00007ffc1d259000 	C:\WINDOWS\System32\shcore.dll
0x00007ffc197d0000 - 0x00007ffc19ee0000 	C:\WINDOWS\System32\windows.storage.dll
0x00007ffc1a960000 - 0x00007ffc1a9b1000 	C:\WINDOWS\System32\shlwapi.dll
0x00007ffc19630000 - 0x00007ffc19641000 	C:\WINDOWS\System32\kernel.appcore.dll
0x00007ffc19650000 - 0x00007ffc1966f000 	C:\WINDOWS\System32\profapi.dll
0x00007ffc195c0000 - 0x00007ffc1960c000 	C:\WINDOWS\System32\powrprof.dll
0x00007ffc195b0000 - 0x00007ffc195ba000 	C:\WINDOWS\System32\FLTLIB.DLL
0x000000006ac90000 - 0x000000006ac9d000 	C:\Program Files\Java\jre1.8.0_121\bin\management.dll
0x000000006ad80000 - 0x000000006ad9a000 	C:\Program Files\Java\jre1.8.0_121\bin\net.dll
0x00007ffc18dd0000 - 0x00007ffc18e36000 	C:\WINDOWS\system32\mswsock.dll
0x000000006ad60000 - 0x000000006ad71000 	C:\Program Files\Java\jre1.8.0_121\bin\nio.dll
0x00007ffbf33a0000 - 0x00007ffbf33b6000 	C:\WINDOWS\system32\napinsp.dll
0x00007ffbf4a90000 - 0x00007ffbf4aaa000 	C:\WINDOWS\system32\pnrpnsp.dll
0x00007ffc15ce0000 - 0x00007ffc15cf9000 	C:\WINDOWS\system32\NLAapi.dll
0x00007ffc18b60000 - 0x00007ffc18c1e000 	C:\WINDOWS\SYSTEM32\DNSAPI.dll
0x00007ffc1b010000 - 0x00007ffc1b018000 	C:\WINDOWS\System32\NSI.dll
0x00007ffc18b20000 - 0x00007ffc18b58000 	C:\WINDOWS\SYSTEM32\IPHLPAPI.DLL
0x00007ffbf4c90000 - 0x00007ffbf4c9e000 	C:\WINDOWS\System32\winrnr.dll
0x00007ffbf34d0000 - 0x00007ffbf34e5000 	C:\WINDOWS\System32\wshbth.dll
0x00007ffc105d0000 - 0x00007ffc105da000 	C:\Windows\System32\rasadhlp.dll
0x00007ffc11160000 - 0x00007ffc111d2000 	C:\WINDOWS\System32\fwpuclnt.dll
0x00007ffc190b0000 - 0x00007ffc190d5000 	C:\WINDOWS\SYSTEM32\bcrypt.dll
0x00007ffc18f80000 - 0x00007ffc18f97000 	C:\WINDOWS\SYSTEM32\CRYPTSP.dll
0x00007ffc18980000 - 0x00007ffc189b3000 	C:\WINDOWS\system32\rsaenh.dll
0x00007ffc194b0000 - 0x00007ffc194d8000 	C:\WINDOWS\SYSTEM32\USERENV.dll
0x00007ffc18fa0000 - 0x00007ffc18fab000 	C:\WINDOWS\SYSTEM32\CRYPTBASE.dll
0x00007ffc11050000 - 0x00007ffc11066000 	C:\WINDOWS\SYSTEM32\dhcpcsvc6.DLL
0x00007ffc11340000 - 0x00007ffc1135a000 	C:\WINDOWS\SYSTEM32\dhcpcsvc.DLL
0x00007ffc0b620000 - 0x00007ffc0b7e9000 	C:\WINDOWS\SYSTEM32\dbghelp.dll

VM Arguments:
jvm_args: -Dcom.sun.management.jmxremote -Dcom.sun.management.jmxremote.port=50931 -Dcom.sun.management.jmxremote.authenticate=false -Dcom.sun.management.jmxremote.ssl=false -Djava.rmi.server.hostname=localhost -Dspring.jmx.enabled=true -Dspring.liveBeansView.mbeanDomain -Dspring.application.admin.enabled=true -Xverify:none -XX:TieredStopAtLevel=1 -Dfile.encoding=UTF-8 
java_command: com.alfar.spring.OAuthServerApplication --spring.output.ansi.enabled=always
java_class_path (initial): C:\Users\alfar\Downloads\FinalMSProject-master\oAuthServerApplication\target\classes;C:\Users\alfar\.m2\repository\org\springframework\boot\spring-boot-starter-web\2.2.5.RELEASE\spring-boot-starter-web-2.2.5.RELEASE.jar;C:\Users\alfar\.m2\repository\org\springframework\boot\spring-boot-starter\2.2.5.RELEASE\spring-boot-starter-2.2.5.RELEASE.jar;C:\Users\alfar\.m2\repository\org\springframework\boot\spring-boot\2.2.5.RELEASE\spring-boot-2.2.5.RELEASE.jar;C:\Users\alfar\.m2\repository\org\springframework\boot\spring-boot-autoconfigure\2.2.5.RELEASE\spring-boot-autoconfigure-2.2.5.RELEASE.jar;C:\Users\alfar\.m2\repository\org\springframework\boot\spring-boot-starter-logging\2.2.5.RELEASE\spring-boot-starter-logging-2.2.5.RELEASE.jar;C:\Users\alfar\.m2\repository\ch\qos\logback\logback-classic\1.2.3\logback-classic-1.2.3.jar;C:\Users\alfar\.m2\repository\ch\qos\logback\logback-core\1.2.3\logback-core-1.2.3.jar;C:\Users\alfar\.m2\repository\org\apache\logging\log4j\log4j-to-slf4j\2.12.1\log4j-to-slf4j-2.12.1.jar;C:\Users\alfar\.m2\repository\org\apache\logging\log4j\log4j-api\2.12.1\log4j-api-2.12.1.jar;C:\Users\alfar\.m2\repository\org\slf4j\jul-to-slf4j\1.7.30\jul-to-slf4j-1.7.30.jar;C:\Users\alfar\.m2\repository\jakarta\annotation\jakarta.annotation-api\1.3.5\jakarta.annotation-api-1.3.5.jar;C:\Users\alfar\.m2\repository\org\yaml\snakeyaml\1.25\snakeyaml-1.25.jar;C:\Users\alfar\.m2\repository\org\springframework\boot\spring-boot-starter-json\2.2.5.RELEASE\spring-boot-starter-json-2.2.5.RELEASE.jar;C:\Users\alfar\.m2\repository\com\fasterxml\jackson\core\jackson-databind\2.10.2\jackson-databind-2.10.2.jar;C:\Users\alfar\.m2\repository\com\fasterxml\jackson\core\jackson-core\2.10.2\jackson-core-2.10.2.jar;C:\Users\alfar\.m2\repository\com\fasterxml\jackson\datatype\jackson-datatype-jdk8\2.10.2\jackson-datatype-jdk8-2.10.2.jar;C:\Users\alfar\.m2\repository\com\fasterxml\jackson\datatype\jackson-datatype-jsr310\2.10.2\jackson-datatype-jsr310-2
Launcher Type: SUN_STANDARD

Environment Variables:
JAVA_HOME=C:\Program Files\Java\jdk1.8.0_101
PATH=C:/Program Files/Java/jre1.8.0_121/bin/server;C:/Program Files/Java/jre1.8.0_121/bin;C:/Program Files/Java/jre1.8.0_121/lib/amd64;C:\ProgramData\Oracle\Java\javapath;C:\WINDOWS\system32;C:\WINDOWS;C:\WINDOWS\System32\Wbem;C:\WINDOWS\System32\WindowsPowerShell\v1.0\;C:\MinGW\bin;C:\Program Files (x86)\Java\jre1.8.0_51\bin;C:\Program Files\Microsoft SQL Server\110\Tools\Binn\;C:\Program Files\Microsoft SQL Server\120\Tools\Binn\;C:\Program Files\Microsoft SQL Server\Client SDK\ODBC\110\Tools\Binn\;C:\Program Files (x86)\Microsoft SQL Server\120\Tools\Binn\;C:\Program Files\Microsoft SQL Server\120\DTS\Binn\;C:\Program Files (x86)\Microsoft SQL Server\120\Tools\Binn\ManagementStudio\;C:\Program Files (x86)\Microsoft SQL Server\120\DTS\Binn\;C:\Program Files\Java\jdk1.8.0_101\bin;C:\Program Files (x86)\Brackets\command;C:\Program Files (x86)\GtkSharp\2.12\bin;C:\Program Files\Microsoft SQL Server\130\Tools\Binn\;C:\Program Files\dotnet\;C:\Program Files\Git\cmd;C:\Program Files (x86)\Microsoft SQL Server\110\Tools\Binn\;C:\Program Files\Microsoft SQL Server\110\DTS\Binn\;C:\WINDOWS\system32\config\systemprofile\.dnx\bin;C:\Program Files\Microsoft DNX\Dnvm\;C:\WINDOWS\System32\OpenSSH\;C:\Program Files\nodejs\;C:\Program Files\Microsoft VS Code\bin;C:\Users\alfar\Anaconda3\Scripts;C:\Program Files (x86)\Windows Kits\8.1\Windows Performance Toolkit\;C:\xampp\php;C:\composer;C:\Users\alfar\AppData\Local\Microsoft\WindowsApps;C:\Users\alfar\AppData\Roaming\npm;C:\Users\alfar\AppData\Local\Programs\Microsoft VS Code\bin;C:\Users\alfar\AppData\Roaming\Composer\vendor\bin;C:\Program Files\apache-maven-3.6.3-bin\apache-maven-3.6.3\bin;;C:\Users\alfar\Desktop\spring-tool-suite-3.9.9.RELEASE-e4.12.0-win32-x86_64\sts-bundle\sts-3.9.9.RELEASE;
USERNAME=alfar
OS=Windows_NT
PROCESSOR_IDENTIFIER=Intel64 Family 6 Model 42 Stepping 7, GenuineIntel



---------------  S Y S T E M  ---------------

OS: Windows 10.0 , 64 bit Build 17134 (10.0.17134.753)

CPU:total 4 (2 cores per cpu, 2 threads per core) family 6 model 42 stepping 7, cmov, cx8, fxsr, mmx, sse, sse2, sse3, ssse3, sse4.1, sse4.2, popcnt, avx, clmul, ht, tsc, tscinvbit

Memory: 4k page, physical 4140908k(696924k free), swap 9984372k(2231060k free)

vm_info: Java HotSpot(TM) 64-Bit Server VM (25.121-b13) for windows-amd64 JRE (1.8.0_121-b13), built on Dec 12 2016 18:21:36 by "java_re" with MS VC++ 10.0 (VS2010)

time: Mon Mar 30 13:39:13 2020
elapsed time: 884 seconds (0d 0h 14m 44s)

